#
# There is insufficient memory for the Java Runtime Environment to continue.
# Native memory allocation (mmap) failed to map 536870912 bytes for G1 virtual space
# Possible reasons:
#   The system is out of physical RAM or swap space
#   The process is running with CompressedOops enabled, and the Java Heap may be blocking the growth of the native heap
# Possible solutions:
#   Reduce memory load on the system
#   Increase physical memory or swap space
#   Check if swap backing store is full
#   Decrease Java heap size (-Xmx/-Xms)
#   Decrease number of Java threads
#   Decrease Java thread stack sizes (-Xss)
#   Set larger code cache with -XX:ReservedCodeCacheSize=
#   JVM is running with Zero Based Compressed Oops mode in which the Java heap is
#     placed in the first 32GB address space. The Java Heap base address is the
#     maximum limit for the native heap growth. Please use -XX:HeapBaseMinAddress
#     to set the Java Heap base and to place the Java Heap above 32GB virtual address.
# This output file may be truncated or incomplete.
#
#  Out of Memory Error (os_windows.cpp:3548), pid=14956, tid=38884
#
# JRE version:  (17.0.5+8) (build )
# Java VM: OpenJDK 64-Bit Server VM (17.0.5+8, mixed mode, sharing, tiered, compressed oops, compressed class ptrs, g1 gc, windows-amd64)
# No core dump will be written. Minidumps are not enabled by default on client versions of Windows
#

---------------  S U M M A R Y ------------

Command Line: -Dfile.encoding=windows-1252 -Duser.country=US -Duser.language=en -Duser.variant com.kolip.dentist.apigateway.ApiGatewayApplication

Host: AMD Ryzen 7 3700X 8-Core Processor             , 16 cores, 31G,  Windows 11 , 64 bit Build 22621 (10.0.22621.2506)
Time: Sun Nov 26 03:31:26 2023 Turkey Standard Time elapsed time: 0.016371 seconds (0d 0h 0m 0s)

---------------  T H R E A D  ---------------

Current thread (0x000001c3a6b570a0):  JavaThread "Unknown thread" [_thread_in_vm, id=38884, stack(0x000000886e000000,0x000000886e100000)]

Stack: [0x000000886e000000,0x000000886e100000]
Native frames: (J=compiled Java code, j=interpreted, Vv=VM code, C=native code)
V  [jvm.dll+0x676b3a]
V  [jvm.dll+0x831444]
V  [jvm.dll+0x832bee]
V  [jvm.dll+0x833253]
V  [jvm.dll+0x244ce5]
V  [jvm.dll+0x673a49]
V  [jvm.dll+0x66811a]
V  [jvm.dll+0x303ceb]
V  [jvm.dll+0x30b1e6]
V  [jvm.dll+0x35adbe]
V  [jvm.dll+0x35afef]
V  [jvm.dll+0x2dab88]
V  [jvm.dll+0x2dbaf4]
V  [jvm.dll+0x803121]
V  [jvm.dll+0x368bb1]
V  [jvm.dll+0x7e265c]
V  [jvm.dll+0x3eb17f]
V  [jvm.dll+0x3eccc1]
C  [jli.dll+0x5267]
C  [ucrtbase.dll+0x29363]
C  [KERNEL32.DLL+0x1257d]
C  [ntdll.dll+0x5aa58]


---------------  P R O C E S S  ---------------

Threads class SMR info:
_java_thread_list=0x00007ff9a58a2f18, length=0, elements={
}

Java Threads: ( => current thread )

Other Threads:
  0x000001c3a6bc3a10 GCTaskThread "GC Thread#0" [stack: 0x000000886e100000,0x000000886e200000] [id=27636]
  0x000001c3a6bd4fd0 ConcurrentGCThread "G1 Main Marker" [stack: 0x000000886e200000,0x000000886e300000] [id=40892]
  0x000001c3a6bd6180 ConcurrentGCThread "G1 Conc#0" [stack: 0x000000886e300000,0x000000886e400000] [id=33388]

[error occurred during error reporting (printing all threads), id 0xc0000005, EXCEPTION_ACCESS_VIOLATION (0xc0000005) at pc=0x00007ff9a507b617]

VM state: not at safepoint (not fully initialized)

VM Mutex/Monitor currently owned by a thread:  ([mutex/lock_event])
[0x000001c3a6b51350] Heap_lock - owner thread: 0x000001c3a6b570a0

Heap address: 0x0000000600c00000, size: 8180 MB, Compressed Oops mode: Zero based, Oop shift amount: 3

CDS archive(s) mapped at: [0x0000000000000000-0x0000000000000000-0x0000000000000000), size 0, SharedBaseAddress: 0x0000000800000000, ArchiveRelocationMode: 0.
Narrow klass base: 0x0000000000000000, Narrow klass shift: 0, Narrow klass range: 0x0

GC Precious Log:
<Empty>

Heap:
 garbage-first heap   total 0K, used 0K [0x0000000600c00000, 0x0000000800000000)
  region size 4096K, 0 young (0K), 0 survivors (0K)

[error occurred during error reporting (printing heap information), id 0xc0000005, EXCEPTION_ACCESS_VIOLATION (0xc0000005) at pc=0x00007ff9a545fcb9]

GC Heap History (0 events):
No events

Dll operation events (1 events):
Event: 0.011 Loaded shared library C:\Users\uur\.jdks\temurin-17.0.5\bin\java.dll

Deoptimization events (0 events):
No events

Classes unloaded (0 events):
No events

Classes redefined (0 events):
No events

Internal exceptions (0 events):
No events

VM Operations (0 events):
No events

Events (0 events):
No events


Dynamic libraries:
0x00007ff7838d0000 - 0x00007ff7838de000 	C:\Users\uur\.jdks\temurin-17.0.5\bin\java.exe
0x00007ffa62970000 - 0x00007ffa62b87000 	C:\WINDOWS\SYSTEM32\ntdll.dll
0x00007ffa30860000 - 0x00007ffa30879000 	C:\Program Files\AVAST Software\Avast\aswhook.dll
0x00007ffa61760000 - 0x00007ffa61824000 	C:\WINDOWS\System32\KERNEL32.DLL
0x00007ffa60120000 - 0x00007ffa604c5000 	C:\WINDOWS\System32\KERNELBASE.dll
0x00007ffa60500000 - 0x00007ffa60611000 	C:\WINDOWS\System32\ucrtbase.dll
0x00007ffa307b0000 - 0x00007ffa307c7000 	C:\Users\uur\.jdks\temurin-17.0.5\bin\jli.dll
0x00007ffa40280000 - 0x00007ffa40299000 	C:\Users\uur\.jdks\temurin-17.0.5\bin\VCRUNTIME140.dll
0x00007ffa621e0000 - 0x00007ffa6238e000 	C:\WINDOWS\System32\USER32.dll
0x00007ffa41290000 - 0x00007ffa41523000 	C:\WINDOWS\WinSxS\amd64_microsoft.windows.common-controls_6595b64144ccf1df_6.0.22621.2506_none_270c5ae97388e100\COMCTL32.dll
0x00007ffa604d0000 - 0x00007ffa604f6000 	C:\WINDOWS\System32\win32u.dll
0x00007ffa621b0000 - 0x00007ffa621d9000 	C:\WINDOWS\System32\GDI32.dll
0x00007ffa62100000 - 0x00007ffa621a7000 	C:\WINDOWS\System32\msvcrt.dll
0x00007ffa5ff90000 - 0x00007ffa600a9000 	C:\WINDOWS\System32\gdi32full.dll
0x00007ffa60620000 - 0x00007ffa606ba000 	C:\WINDOWS\System32\msvcp_win.dll
0x00007ffa60790000 - 0x00007ffa607c1000 	C:\WINDOWS\System32\IMM32.DLL
0x00007ffa40270000 - 0x00007ffa4027c000 	C:\Users\uur\.jdks\temurin-17.0.5\bin\vcruntime140_1.dll
0x00007ff9b2d20000 - 0x00007ff9b2db1000 	C:\Users\uur\.jdks\temurin-17.0.5\bin\msvcp140.dll
0x00007ff9a4d90000 - 0x00007ff9a59d4000 	C:\Users\uur\.jdks\temurin-17.0.5\bin\server\jvm.dll
0x00007ffa606c0000 - 0x00007ffa60771000 	C:\WINDOWS\System32\ADVAPI32.dll
0x00007ffa61e80000 - 0x00007ffa61f26000 	C:\WINDOWS\System32\sechost.dll
0x00007ffa62390000 - 0x00007ffa624a7000 	C:\WINDOWS\System32\RPCRT4.dll
0x00007ffa55190000 - 0x00007ffa551c4000 	C:\WINDOWS\SYSTEM32\WINMM.dll
0x00007ffa551d0000 - 0x00007ffa551da000 	C:\WINDOWS\SYSTEM32\VERSION.dll
0x00007ffa51ed0000 - 0x00007ffa51ed9000 	C:\WINDOWS\SYSTEM32\WSOCK32.dll
0x00007ffa61f50000 - 0x00007ffa61fc1000 	C:\WINDOWS\System32\WS2_32.dll
0x00007ffa5ed30000 - 0x00007ffa5ed48000 	C:\WINDOWS\SYSTEM32\kernel.appcore.dll
0x00007ffa32f10000 - 0x00007ffa32f1a000 	C:\Users\uur\.jdks\temurin-17.0.5\bin\jimage.dll
0x00007ffa55470000 - 0x00007ffa556a3000 	C:\WINDOWS\SYSTEM32\DBGHELP.DLL
0x00007ffa62540000 - 0x00007ffa628c9000 	C:\WINDOWS\System32\combase.dll
0x00007ffa60bd0000 - 0x00007ffa60ca7000 	C:\WINDOWS\System32\OLEAUT32.dll
0x00007ffa51350000 - 0x00007ffa51382000 	C:\WINDOWS\SYSTEM32\dbgcore.DLL
0x00007ffa5ff10000 - 0x00007ffa5ff8a000 	C:\WINDOWS\System32\bcryptPrimitives.dll
0x00007ffa2fd60000 - 0x00007ffa2fd85000 	C:\Users\uur\.jdks\temurin-17.0.5\bin\java.dll

dbghelp: loaded successfully - version: 4.0.5 - missing functions: none
symbol engine: initialized successfully - sym options: 0x614 - pdb path: .;C:\Users\uur\.jdks\temurin-17.0.5\bin;C:\WINDOWS\SYSTEM32;C:\Program Files\AVAST Software\Avast;C:\WINDOWS\WinSxS\amd64_microsoft.windows.common-controls_6595b64144ccf1df_6.0.22621.2506_none_270c5ae97388e100;C:\Users\uur\.jdks\temurin-17.0.5\bin\server

VM Arguments:
jvm_args: -Dfile.encoding=windows-1252 -Duser.country=US -Duser.language=en -Duser.variant 
java_command: com.kolip.dentist.apigateway.ApiGatewayApplication
java_class_path (initial): C:\Projects\WebProjects\dentist-project\dentist-cloud\api-gateway\build\classes\java\main;C:\Projects\WebProjects\dentist-project\dentist-cloud\api-gateway\build\resources\main;C:\Projects\Gradle\gradle-7.6\caches\modules-2\files-2.1\org.springframework.boot\spring-boot-devtools\3.1.5\e7725476fbcd154d7ee5d85446cac2e16db1d818\spring-boot-devtools-3.1.5.jar;C:\Projects\Gradle\gradle-7.6\caches\modules-2\files-2.1\io.micrometer\micrometer-tracing-bridge-brave\1.1.6\5944efa65c96145c5ae422d068fc22e30b39c448\micrometer-tracing-bridge-brave-1.1.6.jar;C:\Projects\Gradle\gradle-7.6\caches\modules-2\files-2.1\io.micrometer\micrometer-tracing\1.1.6\887b87b10bbbd13e96450105efbd7af6814f8e50\micrometer-tracing-1.1.6.jar;C:\Projects\Gradle\gradle-7.6\caches\modules-2\files-2.1\org.springframework.boot\spring-boot-starter-actuator\3.1.5\6e543a2beff6a8e3f98cf6aa3b38495eb47d2ff2\spring-boot-starter-actuator-3.1.5.jar;C:\Projects\Gradle\gradle-7.6\caches\modules-2\files-2.1\io.zipkin.reporter2\zipkin-reporter-brave\2.16.3\4d5017d71e4de139b6a31612cfd837b7c71d288c\zipkin-reporter-brave-2.16.3.jar;C:\Projects\Gradle\gradle-7.6\caches\modules-2\files-2.1\org.springframework.cloud\spring-cloud-starter-gateway\4.0.7\9c925989088e4552f0e92d4ec9b3527d5d0497c8\spring-cloud-starter-gateway-4.0.7.jar;C:\Projects\Gradle\gradle-7.6\caches\modules-2\files-2.1\org.springframework.cloud\spring-cloud-starter-netflix-eureka-client\4.0.3\1fec6bc9b32b31ab319402173fc67d4bda30adc1\spring-cloud-starter-netflix-eureka-client-4.0.3.jar;C:\Projects\Gradle\gradle-7.6\caches\modules-2\files-2.1\org.springframework.boot\spring-boot-starter-webflux\3.1.5\705d73f0e0a172faeaecab668d2363802ddd6177\spring-boot-starter-webflux-3.1.5.jar;C:\Projects\Gradle\gradle-7.6\caches\modules-2\files-2.1\org.springframework.boot\spring-boot-starter-oauth2-resource-server\3.1.5\227e08bab6e61fe6aa70dd90daaaa8d283257626\spring-boot-starter-oauth2-resource-server-3.1.5.jar;C:\Projects\Gradle\gradle-7.6\cach
Launcher Type: SUN_STANDARD

[Global flags]
     intx CICompilerCount                          = 12                                        {product} {ergonomic}
     uint ConcGCThreads                            = 3                                         {product} {ergonomic}
     uint G1ConcRefinementThreads                  = 13                                        {product} {ergonomic}
   size_t G1HeapRegionSize                         = 4194304                                   {product} {ergonomic}
    uintx GCDrainStackTargetSize                   = 64                                        {product} {ergonomic}
   size_t InitialHeapSize                          = 536870912                                 {product} {ergonomic}
   size_t MarkStackSize                            = 4194304                                   {product} {ergonomic}
   size_t MaxHeapSize                              = 8577351680                                {product} {ergonomic}
   size_t MinHeapDeltaBytes                        = 4194304                                   {product} {ergonomic}
   size_t MinHeapSize                              = 8388608                                   {product} {ergonomic}
    uintx NonNMethodCodeHeapSize                   = 7602480                                {pd product} {ergonomic}
    uintx NonProfiledCodeHeapSize                  = 122027880                              {pd product} {ergonomic}
    uintx ProfiledCodeHeapSize                     = 122027880                              {pd product} {ergonomic}
    uintx ReservedCodeCacheSize                    = 251658240                              {pd product} {ergonomic}
     bool SegmentedCodeCache                       = true                                      {product} {ergonomic}
   size_t SoftMaxHeapSize                          = 8577351680                             {manageable} {ergonomic}
     bool UseCompressedClassPointers               = true                           {product lp64_product} {ergonomic}
     bool UseCompressedOops                        = true                           {product lp64_product} {ergonomic}
     bool UseG1GC                                  = true                                      {product} {ergonomic}
     bool UseLargePagesIndividualAllocation        = false                                  {pd product} {ergonomic}

Logging:
Log output configuration:
 #0: stdout all=warning uptime,level,tags
 #1: stderr all=off uptime,level,tags

Environment Variables:
JAVA_HOME=C:\Program Files\Java\jdk-21
PATH=C:\Python312\Scripts\;C:\Python312\;C:\Program Files\Common Files\Oracle\Java\javapath;C:\Program Files (x86)\NVIDIA Corporation\PhysX\Common;C:\WINDOWS\system32;C:\WINDOWS;C:\WINDOWS\System32\Wbem;C:\WINDOWS\System32\OpenSSH\;C:\Program Files\dotnet\;C:\Program Files\Git\cmd;C:\Program Files\Java\jdk-21\bin;C:\Program Files\node-v12.14.1-win-x64;C:\Program Files (x86)\Microsoft SQL Server\150\DTS\Binn\;C:\Program Files (x86)\Yarn\bin\;C:\Projects\Gradle\gradle-7.6\bin;C:\Program Files (x86)\Vim\vim82\;C:\Program Files\Mozilla Firefox;C:\Program Files\Tesseract-OCR;C:\gs;C:\MinGW\bin;C:\Program Files\PuTTY\;C:\ProgramData\chocolatey\bin;C:\Program Files\nodejs\;C:\Program Files\Docker\Docker\resources\bin;C:\Program Files\PowerShell\7\;C:\Users\uur\AppData\Local\Programs\Python\Python310\Scripts\;C:\Users\uur\AppData\Local\Programs\Python\Python310\;C:\Users\uur\AppData\Local\Microsoft\WindowsApps;C:\Program Files\JetBrains\IntelliJ IDEA Community Edition 2019.3.1\bin;C:\Users\uur\AppData\Local\Programs\Microsoft VS Code\bin;C:\Projects\Scripts;C:\Users\uur\AppData\Local\Yarn\bin;C:\Users\uur\.dotnet\tools;C:\Users\uur\AppData\Local\Microsoft\WindowsApps;C:\Program Files\JetBrains\IntelliJ IDEA Community Edition 2023.2.3\bin;;C:\Users\uur\AppData\Roaming\npm;
USERNAME=uur
LANG=TR
OS=Windows_NT
PROCESSOR_IDENTIFIER=AMD64 Family 23 Model 113 Stepping 0, AuthenticAMD
TMP=C:\Users\uur\AppData\Local\Temp
TEMP=C:\Users\uur\AppData\Local\Temp



---------------  S Y S T E M  ---------------

OS:
 Windows 11 , 64 bit Build 22621 (10.0.22621.2506)
OS uptime: 1 days 11:06 hours
Hyper-V role detected

CPU: total 16 (initial active 16) (16 cores per cpu, 2 threads per core) family 23 model 113 stepping 0 microcode 0x0, cx8, cmov, fxsr, ht, mmx, 3dnowpref, sse, sse2, sse3, ssse3, sse4a, sse4.1, sse4.2, popcnt, lzcnt, tsc, tscinvbit, avx, avx2, aes, clmul, bmi1, bmi2, adx, sha, fma, vzeroupper, clflush, clflushopt, hv

Memory: 4k page, system-wide physical 32718M (7954M free)
TotalPageFile size 40910M (AvailPageFile size 145M)
current process WorkingSet (physical memory assigned to process): 12M, peak: 12M
current process commit charge ("private bytes"): 71M, peak: 583M

vm_info: OpenJDK 64-Bit Server VM (17.0.5+8) for windows-amd64 JRE (17.0.5+8), built on Oct 19 2022 04:48:13 by "temurin" with MS VC++ 16.7 (VS2019)

END.
